<?xml version="1.0" encoding="UTF-8"?>
<!-- Generated by org.testng.reporters.JUnitXMLReporter -->
<testsuite hostname="MSI" ignored="0" name="Default test" tests="4" failures="0" timestamp="21 Apr 2021 22:36:11 GMT" time="1.401" errors="0">
  <testcase name="test_DELETE" time="0.932" classname="product.testing.ProductTests"/>
  <testcase name="test_GET" time="0.338" classname="product.testing.ProductTests"/>
  <testcase name="test_POST" time="0.06" classname="product.testing.ProductTests"/>
  <testcase name="test_PUT" time="0.054" classname="product.testing.ProductTests"/>
</testsuite> <!-- Default test -->
