<?xml version="1.0" encoding="UTF-8"?>
<testng-results skipped="0" failed="0" ignored="0" total="2" passed="2">
  <reporter-output>
  </reporter-output>
  <suite name="Default suite" duration-ms="1345" started-at="2021-04-21T10:24:18Z" finished-at="2021-04-21T10:24:20Z">
    <groups>
    </groups>
    <test name="Default test" duration-ms="1345" started-at="2021-04-21T10:24:18Z" finished-at="2021-04-21T10:24:20Z">
      <class name="product.testing.ProductTests">
        <test-method status="PASS" signature="test_GET()[pri:0, instance:product.testing.ProductTests@204f30ec]" name="test_GET" duration-ms="1255" started-at="2021-04-21T10:24:18Z" finished-at="2021-04-21T10:24:20Z">
          <reporter-output>
          </reporter-output>
        </test-method> <!-- test_GET -->
        <test-method status="PASS" signature="test_POST()[pri:0, instance:product.testing.ProductTests@204f30ec]" name="test_POST" duration-ms="73" started-at="2021-04-21T10:24:20Z" finished-at="2021-04-21T10:24:20Z">
          <reporter-output>
          </reporter-output>
        </test-method> <!-- test_POST -->
      </class> <!-- product.testing.ProductTests -->
    </test> <!-- Default test -->
  </suite> <!-- Default suite -->
</testng-results>
